2021-08-28 20:03:49.431  INFO 30123 --- [main] c.p.t.e.authentication.TC000_LoginTest   : Starting TC000_LoginTest using Java 11.0.9 on Hiens-MacBook-Pro.local with PID 30123 (/Users/hienhoang/Desktop/e2e-tests/target/test-classes started by hienhoang in /Users/hienhoang/Desktop/e2e-tests)
2021-08-28 20:03:49.433  INFO 30123 --- [main] c.p.t.e.authentication.TC000_LoginTest   : No active profile set, falling back to default profiles: default
2021-08-28 20:03:50.905  INFO 30123 --- [main] c.p.t.e.authentication.TC000_LoginTest   : Started TC000_LoginTest in 1.991 seconds (JVM running for 5.029)
2021-08-28 20:03:51.283  INFO 30123 --- [main] i.g.bonigarcia.wdm.WebDriverManager      : Using chromedriver 92.0.4515.107 (resolved driver for Chrome 92)
2021-08-28 20:03:51.307  INFO 30123 --- [main] i.g.bonigarcia.wdm.WebDriverManager      : Exporting webdriver.chrome.driver as /Users/hienhoang/.cache/selenium/chromedriver/mac64/92.0.4515.107/chromedriver
2021-08-28 20:03:53.197  INFO 30123 --- [Forwarding newSession on session null to remote] o.o.selenium.remote.ProtocolHandshake    : Detected dialect: W3C
2021-08-28 20:05:02.287  INFO 30157 --- [main] c.p.t.e.authentication.TC000_LoginTest   : Starting TC000_LoginTest using Java 11.0.9 on Hiens-MacBook-Pro.local with PID 30157 (/Users/hienhoang/Desktop/e2e-tests/target/test-classes started by hienhoang in /Users/hienhoang/Desktop/e2e-tests)
2021-08-28 20:05:02.290  INFO 30157 --- [main] c.p.t.e.authentication.TC000_LoginTest   : No active profile set, falling back to default profiles: default
2021-08-28 20:05:04.094  INFO 30157 --- [main] c.p.t.e.authentication.TC000_LoginTest   : Started TC000_LoginTest in 2.36 seconds (JVM running for 7.181)
2021-08-28 20:05:04.515  INFO 30157 --- [main] i.g.bonigarcia.wdm.WebDriverManager      : Using chromedriver 92.0.4515.107 (resolved driver for Chrome 92)
2021-08-28 20:05:04.541  INFO 30157 --- [main] i.g.bonigarcia.wdm.WebDriverManager      : Exporting webdriver.chrome.driver as /Users/hienhoang/.cache/selenium/chromedriver/mac64/92.0.4515.107/chromedriver
2021-08-28 20:05:06.707  INFO 30157 --- [Forwarding newSession on session null to remote] o.o.selenium.remote.ProtocolHandshake    : Detected dialect: W3C
2021-08-28 20:06:01.148  INFO 30187 --- [main] c.p.t.e.authentication.TC000_LoginTest   : Starting TC000_LoginTest using Java 11.0.9 on Hiens-MacBook-Pro.local with PID 30187 (/Users/hienhoang/Desktop/e2e-tests/target/test-classes started by hienhoang in /Users/hienhoang/Desktop/e2e-tests)
2021-08-28 20:06:01.152  INFO 30187 --- [main] c.p.t.e.authentication.TC000_LoginTest   : No active profile set, falling back to default profiles: default
2021-08-28 20:06:02.686  INFO 30187 --- [main] c.p.t.e.authentication.TC000_LoginTest   : Started TC000_LoginTest in 2.057 seconds (JVM running for 5.524)
2021-08-28 20:06:03.125  INFO 30187 --- [main] i.g.bonigarcia.wdm.WebDriverManager      : Using chromedriver 92.0.4515.107 (resolved driver for Chrome 92)
2021-08-28 20:06:03.150  INFO 30187 --- [main] i.g.bonigarcia.wdm.WebDriverManager      : Exporting webdriver.chrome.driver as /Users/hienhoang/.cache/selenium/chromedriver/mac64/92.0.4515.107/chromedriver
2021-08-28 20:06:05.235  INFO 30187 --- [Forwarding newSession on session null to remote] o.o.selenium.remote.ProtocolHandshake    : Detected dialect: W3C
2021-08-28 20:17:32.833  INFO 31002 --- [main] c.p.t.e.authentication.TC000_LoginTest   : Starting TC000_LoginTest using Java 11.0.9 on Hiens-MacBook-Pro.local with PID 31002 (/Users/hienhoang/Desktop/e2e-tests/target/test-classes started by hienhoang in /Users/hienhoang/Desktop/e2e-tests)
2021-08-28 20:17:32.836  INFO 31002 --- [main] c.p.t.e.authentication.TC000_LoginTest   : No active profile set, falling back to default profiles: default
2021-08-28 20:17:34.054  INFO 31002 --- [main] c.p.t.e.authentication.TC000_LoginTest   : Started TC000_LoginTest in 1.65 seconds (JVM running for 4.405)
2021-08-28 20:17:34.435  INFO 31002 --- [main] i.g.bonigarcia.wdm.WebDriverManager      : Using chromedriver 92.0.4515.107 (resolved driver for Chrome 92)
2021-08-28 20:17:34.465  INFO 31002 --- [main] i.g.bonigarcia.wdm.WebDriverManager      : Exporting webdriver.chrome.driver as /Users/hienhoang/.cache/selenium/chromedriver/mac64/92.0.4515.107/chromedriver
2021-08-28 20:17:36.667  INFO 31002 --- [Forwarding newSession on session null to remote] o.o.selenium.remote.ProtocolHandshake    : Detected dialect: W3C
2021-08-28 20:17:36.882  INFO 31002 --- [main] c.p.t.e.authentication.TC000_LoginTest   : Setup the test...
2021-08-28 20:17:36.892  INFO 31002 --- [main] c.p.test.e2etests.pages.home.HomePage    : Go to the link [%s]...
2021-08-28 20:18:07.230  INFO 31002 --- [main] c.p.t.e.pages.home.HeaderComponent       : Verify if we is at the header component...
2021-08-28 20:18:07.660  INFO 31002 --- [main] c.p.t.e.authentication.TC000_LoginTest   : Login to the app...
2021-08-28 20:18:07.661  INFO 31002 --- [main] c.p.t.e.pages.home.HeaderComponent       : Click on Login link...
2021-08-28 20:23:14.127  INFO 31134 --- [main] c.p.t.e.authentication.TC000_LoginTest   : Starting TC000_LoginTest using Java 11.0.9 on Hiens-MacBook-Pro.local with PID 31134 (/Users/hienhoang/Desktop/e2e-tests/target/test-classes started by hienhoang in /Users/hienhoang/Desktop/e2e-tests)
2021-08-28 20:23:14.130  INFO 31134 --- [main] c.p.t.e.authentication.TC000_LoginTest   : No active profile set, falling back to default profiles: default
2021-08-28 20:23:15.494  INFO 31134 --- [main] c.p.t.e.authentication.TC000_LoginTest   : Started TC000_LoginTest in 1.897 seconds (JVM running for 5.702)
2021-08-28 20:23:15.866  INFO 31134 --- [main] i.g.bonigarcia.wdm.WebDriverManager      : Using chromedriver 92.0.4515.107 (resolved driver for Chrome 92)
2021-08-28 20:23:15.898  INFO 31134 --- [main] i.g.bonigarcia.wdm.WebDriverManager      : Exporting webdriver.chrome.driver as /Users/hienhoang/.cache/selenium/chromedriver/mac64/92.0.4515.107/chromedriver
2021-08-28 20:23:18.241  INFO 31134 --- [Forwarding newSession on session null to remote] o.o.selenium.remote.ProtocolHandshake    : Detected dialect: W3C
2021-08-28 20:23:18.437  INFO 31134 --- [main] c.p.t.e.authentication.TC000_LoginTest   : Setup the test...
2021-08-28 20:23:18.445  INFO 31134 --- [main] c.p.test.e2etests.pages.home.HomePage    : Go to the link [%s]...
2021-08-28 20:23:23.745  INFO 31134 --- [main] c.p.t.e.pages.home.HeaderComponent       : Verify if we is at the header component...
2021-08-28 20:23:24.057  INFO 31134 --- [main] c.p.t.e.authentication.TC000_LoginTest   : Login to the app...
2021-08-28 20:23:24.057  INFO 31134 --- [main] c.p.t.e.pages.home.HeaderComponent       : Click on Login link...
2021-08-28 20:29:58.322  INFO 31502 --- [main] c.p.t.e.authentication.TC000_LoginTest   : Starting TC000_LoginTest using Java 11.0.9 on Hiens-MacBook-Pro.local with PID 31502 (/Users/hienhoang/Desktop/e2e-tests/target/test-classes started by hienhoang in /Users/hienhoang/Desktop/e2e-tests)
2021-08-28 20:29:58.325  INFO 31502 --- [main] c.p.t.e.authentication.TC000_LoginTest   : No active profile set, falling back to default profiles: default
2021-08-28 20:30:00.309  INFO 31502 --- [main] c.p.t.e.authentication.TC000_LoginTest   : Started TC000_LoginTest in 2.556 seconds (JVM running for 6.598)
2021-08-28 20:30:00.895  INFO 31502 --- [main] i.g.bonigarcia.wdm.WebDriverManager      : Using chromedriver 92.0.4515.107 (resolved driver for Chrome 92)
2021-08-28 20:30:00.929  INFO 31502 --- [main] i.g.bonigarcia.wdm.WebDriverManager      : Exporting webdriver.chrome.driver as /Users/hienhoang/.cache/selenium/chromedriver/mac64/92.0.4515.107/chromedriver
2021-08-28 20:30:03.469  INFO 31502 --- [Forwarding newSession on session null to remote] o.o.selenium.remote.ProtocolHandshake    : Detected dialect: W3C
2021-08-28 20:30:03.694  INFO 31502 --- [main] c.p.t.e.authentication.TC000_LoginTest   : Setup the test...
2021-08-28 20:30:03.708  INFO 31502 --- [main] c.p.test.e2etests.pages.home.HomePage    : Go to the link [%s]...
2021-08-28 20:30:08.762  INFO 31502 --- [main] c.p.t.e.pages.home.HeaderComponent       : Verify if we is at the header component...
2021-08-28 20:30:09.090  INFO 31502 --- [main] c.p.t.e.authentication.TC000_LoginTest   : Login to the app...
2021-08-28 20:30:09.090  INFO 31502 --- [main] c.p.t.e.pages.home.HeaderComponent       : Click on Login link...
2021-08-28 20:39:58.298  INFO 31698 --- [main] c.p.t.e.authentication.TC000_LoginTest   : Starting TC000_LoginTest using Java 11.0.9 on Hiens-MacBook-Pro.local with PID 31698 (/Users/hienhoang/Desktop/e2e-tests/target/test-classes started by hienhoang in /Users/hienhoang/Desktop/e2e-tests)
2021-08-28 20:39:58.300  INFO 31698 --- [main] c.p.t.e.authentication.TC000_LoginTest   : No active profile set, falling back to default profiles: default
2021-08-28 20:39:59.594  INFO 31698 --- [main] c.p.t.e.authentication.TC000_LoginTest   : Started TC000_LoginTest in 1.727 seconds (JVM running for 4.673)
2021-08-28 20:40:00.010  INFO 31698 --- [main] i.g.bonigarcia.wdm.WebDriverManager      : Using chromedriver 92.0.4515.107 (resolved driver for Chrome 92)
2021-08-28 20:40:00.042  INFO 31698 --- [main] i.g.bonigarcia.wdm.WebDriverManager      : Exporting webdriver.chrome.driver as /Users/hienhoang/.cache/selenium/chromedriver/mac64/92.0.4515.107/chromedriver
2021-08-28 20:40:02.245  INFO 31698 --- [Forwarding newSession on session null to remote] o.o.selenium.remote.ProtocolHandshake    : Detected dialect: W3C
2021-08-28 20:40:02.452  INFO 31698 --- [main] c.p.t.e.authentication.TC000_LoginTest   : Setup the test...
2021-08-28 20:40:02.463  INFO 31698 --- [main] c.p.test.e2etests.pages.home.HomePage    : Go to the link [%s]...
2021-08-28 20:40:10.275  INFO 31698 --- [main] c.p.t.e.pages.home.HeaderComponent       : Verify if we is at the header component...
2021-08-28 20:40:10.664  INFO 31698 --- [main] c.p.t.e.authentication.TC000_LoginTest   : Login to the app...
2021-08-28 20:40:10.664  INFO 31698 --- [main] c.p.t.e.pages.home.HeaderComponent       : Click on Login link...
2021-08-28 20:41:35.390  INFO 31824 --- [main] c.p.t.e.authentication.TC000_LoginTest   : Starting TC000_LoginTest using Java 11.0.9 on Hiens-MacBook-Pro.local with PID 31824 (/Users/hienhoang/Desktop/e2e-tests/target/test-classes started by hienhoang in /Users/hienhoang/Desktop/e2e-tests)
2021-08-28 20:41:35.394  INFO 31824 --- [main] c.p.t.e.authentication.TC000_LoginTest   : No active profile set, falling back to default profiles: default
2021-08-28 20:41:37.039  INFO 31824 --- [main] c.p.t.e.authentication.TC000_LoginTest   : Started TC000_LoginTest in 2.305 seconds (JVM running for 6.251)
2021-08-28 20:41:37.474  INFO 31824 --- [main] i.g.bonigarcia.wdm.WebDriverManager      : Using chromedriver 92.0.4515.107 (resolved driver for Chrome 92)
2021-08-28 20:41:37.504  INFO 31824 --- [main] i.g.bonigarcia.wdm.WebDriverManager      : Exporting webdriver.chrome.driver as /Users/hienhoang/.cache/selenium/chromedriver/mac64/92.0.4515.107/chromedriver
2021-08-28 20:41:39.872  INFO 31824 --- [Forwarding newSession on session null to remote] o.o.selenium.remote.ProtocolHandshake    : Detected dialect: W3C
2021-08-28 20:41:40.052  INFO 31824 --- [main] c.p.t.e.authentication.TC000_LoginTest   : Setup the test...
2021-08-28 20:41:40.063  INFO 31824 --- [main] c.p.test.e2etests.pages.home.HomePage    : Go to the link [%s]...
2021-08-28 20:41:44.661  INFO 31824 --- [main] c.p.t.e.pages.home.HeaderComponent       : Verify if we is at the header component...
2021-08-28 20:41:44.986  INFO 31824 --- [main] c.p.t.e.authentication.TC000_LoginTest   : Login to the app...
2021-08-28 20:41:44.987  INFO 31824 --- [main] c.p.t.e.pages.home.HeaderComponent       : Click on Login link...
2021-08-28 20:45:15.805  INFO 32998 --- [main] c.p.t.e.authentication.TC000_LoginTest   : Starting TC000_LoginTest using Java 11.0.9 on Hiens-MacBook-Pro.local with PID 32998 (/Users/hienhoang/Desktop/e2e-tests/target/test-classes started by hienhoang in /Users/hienhoang/Desktop/e2e-tests)
2021-08-28 20:45:15.810  INFO 32998 --- [main] c.p.t.e.authentication.TC000_LoginTest   : No active profile set, falling back to default profiles: default
2021-08-28 20:45:17.563  INFO 32998 --- [main] c.p.t.e.authentication.TC000_LoginTest   : Started TC000_LoginTest in 2.359 seconds (JVM running for 6.23)
2021-08-28 20:45:18.054  INFO 32998 --- [main] i.g.bonigarcia.wdm.WebDriverManager      : Using chromedriver 92.0.4515.107 (resolved driver for Chrome 92)
2021-08-28 20:45:18.088  INFO 32998 --- [main] i.g.bonigarcia.wdm.WebDriverManager      : Exporting webdriver.chrome.driver as /Users/hienhoang/.cache/selenium/chromedriver/mac64/92.0.4515.107/chromedriver
2021-08-28 20:45:20.341  INFO 32998 --- [Forwarding newSession on session null to remote] o.o.selenium.remote.ProtocolHandshake    : Detected dialect: W3C
2021-08-28 20:45:20.553  INFO 32998 --- [main] c.p.t.e.authentication.TC000_LoginTest   : Setup the test...
2021-08-28 20:45:20.563  INFO 32998 --- [main] c.p.test.e2etests.pages.home.HomePage    : Go to the link [%s]...
2021-08-28 20:45:29.257  INFO 32998 --- [main] c.p.t.e.pages.home.HeaderComponent       : Verify if we is at the header component...
2021-08-28 20:45:29.580  INFO 32998 --- [main] c.p.t.e.authentication.TC000_LoginTest   : Login to the app...
2021-08-28 20:45:29.581  INFO 32998 --- [main] c.p.t.e.pages.home.HeaderComponent       : Click on Login link...
2021-08-28 20:52:08.290  INFO 33791 --- [main] c.p.t.e.authentication.TC000_LoginTest   : Starting TC000_LoginTest using Java 11.0.9 on Hiens-MacBook-Pro.local with PID 33791 (/Users/hienhoang/Desktop/e2e-tests/target/test-classes started by hienhoang in /Users/hienhoang/Desktop/e2e-tests)
2021-08-28 20:52:08.293  INFO 33791 --- [main] c.p.t.e.authentication.TC000_LoginTest   : No active profile set, falling back to default profiles: default
2021-08-28 20:52:09.498  INFO 33791 --- [main] c.p.t.e.authentication.TC000_LoginTest   : Started TC000_LoginTest in 1.651 seconds (JVM running for 4.835)
2021-08-28 20:52:09.886  INFO 33791 --- [main] i.g.bonigarcia.wdm.WebDriverManager      : Using chromedriver 92.0.4515.107 (resolved driver for Chrome 92)
2021-08-28 20:52:09.917  INFO 33791 --- [main] i.g.bonigarcia.wdm.WebDriverManager      : Exporting webdriver.chrome.driver as /Users/hienhoang/.cache/selenium/chromedriver/mac64/92.0.4515.107/chromedriver
2021-08-28 20:52:12.180  INFO 33791 --- [Forwarding newSession on session null to remote] o.o.selenium.remote.ProtocolHandshake    : Detected dialect: W3C
2021-08-28 20:52:12.363  INFO 33791 --- [main] c.p.t.e.authentication.TC000_LoginTest   : Setup the test...
2021-08-28 20:52:12.372  INFO 33791 --- [main] c.p.test.e2etests.pages.home.HomePage    : Go to the link [%s]...
2021-08-28 20:52:14.212  INFO 33791 --- [main] c.p.t.e.pages.home.HeaderComponent       : Verify if we is at the header component...
2021-08-28 20:52:14.594  INFO 33791 --- [main] c.p.t.e.authentication.TC000_LoginTest   : Login to the app...
2021-08-28 20:52:14.594  INFO 33791 --- [main] c.p.t.e.pages.home.HeaderComponent       : Click on Login link...
2021-08-28 20:57:40.062  INFO 34078 --- [main] c.p.t.e.authentication.TC000_LoginTest   : Starting TC000_LoginTest using Java 11.0.9 on Hiens-MacBook-Pro.local with PID 34078 (/Users/hienhoang/Desktop/e2e-tests/target/test-classes started by hienhoang in /Users/hienhoang/Desktop/e2e-tests)
2021-08-28 20:57:40.065  INFO 34078 --- [main] c.p.t.e.authentication.TC000_LoginTest   : No active profile set, falling back to default profiles: default
2021-08-28 20:57:41.286  INFO 34078 --- [main] c.p.t.e.authentication.TC000_LoginTest   : Started TC000_LoginTest in 1.67 seconds (JVM running for 4.373)
2021-08-28 20:57:41.712  INFO 34078 --- [main] i.g.bonigarcia.wdm.WebDriverManager      : Using chromedriver 92.0.4515.107 (resolved driver for Chrome 92)
2021-08-28 20:57:41.742  INFO 34078 --- [main] i.g.bonigarcia.wdm.WebDriverManager      : Exporting webdriver.chrome.driver as /Users/hienhoang/.cache/selenium/chromedriver/mac64/92.0.4515.107/chromedriver
2021-08-28 20:57:44.199  INFO 34078 --- [Forwarding newSession on session null to remote] o.o.selenium.remote.ProtocolHandshake    : Detected dialect: W3C
2021-08-28 20:57:44.431  INFO 34078 --- [main] c.p.t.e.authentication.TC000_LoginTest   : Setup the test...
2021-08-28 20:57:44.442  INFO 34078 --- [main] c.p.test.e2etests.pages.home.HomePage    : Go to the link [%s]...
2021-08-28 20:57:52.516  INFO 34078 --- [main] c.p.t.e.pages.home.HeaderComponent       : Verify if we is at the header component...
2021-08-28 20:57:52.862  INFO 34078 --- [main] c.p.t.e.authentication.TC000_LoginTest   : Login to the app...
2021-08-28 20:57:52.863  INFO 34078 --- [main] c.p.t.e.pages.home.HeaderComponent       : Click on Login link...
2021-08-28 20:59:26.219  INFO 34471 --- [main] c.p.t.e.authentication.TC000_LoginTest   : Starting TC000_LoginTest using Java 11.0.9 on Hiens-MacBook-Pro.local with PID 34471 (/Users/hienhoang/Desktop/e2e-tests/target/test-classes started by hienhoang in /Users/hienhoang/Desktop/e2e-tests)
2021-08-28 20:59:26.222  INFO 34471 --- [main] c.p.t.e.authentication.TC000_LoginTest   : No active profile set, falling back to default profiles: default
2021-08-28 20:59:27.325  INFO 34471 --- [main] c.p.t.e.authentication.TC000_LoginTest   : Started TC000_LoginTest in 1.505 seconds (JVM running for 4.202)
2021-08-28 20:59:28.545  INFO 34471 --- [main] i.g.bonigarcia.wdm.WebDriverManager      : Using chromedriver 92.0.4515.107 (resolved driver for Chrome 92)
2021-08-28 20:59:28.571  INFO 34471 --- [main] i.g.bonigarcia.wdm.WebDriverManager      : Exporting webdriver.chrome.driver as /Users/hienhoang/.cache/selenium/chromedriver/mac64/92.0.4515.107/chromedriver
2021-08-28 20:59:30.724  INFO 34471 --- [Forwarding newSession on session null to remote] o.o.selenium.remote.ProtocolHandshake    : Detected dialect: W3C
2021-08-28 20:59:30.901  INFO 34471 --- [main] c.p.t.e.authentication.TC000_LoginTest   : Setup the test...
2021-08-28 20:59:30.909  INFO 34471 --- [main] c.p.test.e2etests.pages.home.HomePage    : Go to the link [%s]...
2021-08-28 21:00:45.559  INFO 34471 --- [main] c.p.t.e.pages.home.HeaderComponent       : Verify if we is at the header component...
2021-08-28 21:00:45.866  INFO 34471 --- [main] c.p.t.e.authentication.TC000_LoginTest   : Login to the app...
2021-08-28 21:00:45.867  INFO 34471 --- [main] c.p.t.e.pages.home.HeaderComponent       : Click on Login link...
2021-08-28 21:02:06.767  INFO 34833 --- [main] c.p.t.e.authentication.TC000_LoginTest   : Starting TC000_LoginTest using Java 11.0.9 on Hiens-MacBook-Pro.local with PID 34833 (/Users/hienhoang/Desktop/e2e-tests/target/test-classes started by hienhoang in /Users/hienhoang/Desktop/e2e-tests)
2021-08-28 21:02:06.770  INFO 34833 --- [main] c.p.t.e.authentication.TC000_LoginTest   : No active profile set, falling back to default profiles: default
2021-08-28 21:02:08.199  INFO 34833 --- [main] c.p.t.e.authentication.TC000_LoginTest   : Started TC000_LoginTest in 1.914 seconds (JVM running for 5.399)
2021-08-28 21:02:08.605  INFO 34833 --- [main] i.g.bonigarcia.wdm.WebDriverManager      : Using chromedriver 92.0.4515.107 (resolved driver for Chrome 92)
2021-08-28 21:02:08.635  INFO 34833 --- [main] i.g.bonigarcia.wdm.WebDriverManager      : Exporting webdriver.chrome.driver as /Users/hienhoang/.cache/selenium/chromedriver/mac64/92.0.4515.107/chromedriver
2021-08-28 21:02:10.626  INFO 34833 --- [Forwarding newSession on session null to remote] o.o.selenium.remote.ProtocolHandshake    : Detected dialect: W3C
2021-08-28 21:02:10.865  INFO 34833 --- [main] c.p.t.e.authentication.TC000_LoginTest   : Setup the test...
2021-08-28 21:02:10.875  INFO 34833 --- [main] c.p.test.e2etests.pages.home.HomePage    : Go to the link [%s]...
2021-08-28 21:02:18.364  INFO 34833 --- [main] c.p.t.e.pages.home.HeaderComponent       : Verify if we is at the header component...
2021-08-28 21:02:18.724  INFO 34833 --- [main] c.p.t.e.authentication.TC000_LoginTest   : Login to the app...
2021-08-28 21:02:18.724  INFO 34833 --- [main] c.p.t.e.pages.home.HeaderComponent       : Click on Login link...
2021-08-28 21:19:33.797  INFO 35436 --- [main] c.p.t.e.authentication.TC000_LoginTest   : Starting TC000_LoginTest using Java 11.0.9 on Hiens-MacBook-Pro.local with PID 35436 (/Users/hienhoang/Desktop/e2e-tests/target/test-classes started by hienhoang in /Users/hienhoang/Desktop/e2e-tests)
2021-08-28 21:19:33.803  INFO 35436 --- [main] c.p.t.e.authentication.TC000_LoginTest   : No active profile set, falling back to default profiles: default
2021-08-28 21:19:35.492  INFO 35436 --- [main] c.p.t.e.authentication.TC000_LoginTest   : Started TC000_LoginTest in 2.303 seconds (JVM running for 7.006)
2021-08-28 21:19:35.942  INFO 35436 --- [main] i.g.bonigarcia.wdm.WebDriverManager      : Using chromedriver 92.0.4515.107 (resolved driver for Chrome 92)
2021-08-28 21:19:35.971  INFO 35436 --- [main] i.g.bonigarcia.wdm.WebDriverManager      : Exporting webdriver.chrome.driver as /Users/hienhoang/.cache/selenium/chromedriver/mac64/92.0.4515.107/chromedriver
2021-08-28 21:19:38.260  INFO 35436 --- [Forwarding newSession on session null to remote] o.o.selenium.remote.ProtocolHandshake    : Detected dialect: W3C
2021-08-28 21:19:38.489  INFO 35436 --- [main] c.p.t.e.authentication.TC000_LoginTest   : Setup the test...
2021-08-28 21:19:38.503  INFO 35436 --- [main] c.p.test.e2etests.pages.home.HomePage    : Go to the link [%s]...
2021-08-28 21:19:50.419  INFO 35436 --- [main] c.p.t.e.pages.home.HeaderComponent       : Verify if we is at the header component...
2021-08-28 21:19:50.900  INFO 35436 --- [main] c.p.t.e.authentication.TC000_LoginTest   : Login to the app...
2021-08-28 21:19:50.901  INFO 35436 --- [main] c.p.t.e.pages.home.HeaderComponent       : Click on Login link...
2021-08-28 21:23:43.763  INFO 35506 --- [main] c.p.t.e.authentication.TC000_LoginTest   : Starting TC000_LoginTest using Java 11.0.9 on Hiens-MacBook-Pro.local with PID 35506 (/Users/hienhoang/Desktop/e2e-tests/target/test-classes started by hienhoang in /Users/hienhoang/Desktop/e2e-tests)
2021-08-28 21:23:43.766  INFO 35506 --- [main] c.p.t.e.authentication.TC000_LoginTest   : No active profile set, falling back to default profiles: default
2021-08-28 21:23:45.332  INFO 35506 --- [main] c.p.t.e.authentication.TC000_LoginTest   : Started TC000_LoginTest in 2.109 seconds (JVM running for 6.191)
2021-08-28 21:23:45.808  INFO 35506 --- [main] i.g.bonigarcia.wdm.WebDriverManager      : Using chromedriver 92.0.4515.107 (resolved driver for Chrome 92)
2021-08-28 21:23:45.832  INFO 35506 --- [main] i.g.bonigarcia.wdm.WebDriverManager      : Exporting webdriver.chrome.driver as /Users/hienhoang/.cache/selenium/chromedriver/mac64/92.0.4515.107/chromedriver
2021-08-28 21:23:48.091  INFO 35506 --- [Forwarding newSession on session null to remote] o.o.selenium.remote.ProtocolHandshake    : Detected dialect: W3C
2021-08-28 21:23:48.273  INFO 35506 --- [main] c.p.t.e.authentication.TC000_LoginTest   : Setup the test...
2021-08-28 21:23:48.282  INFO 35506 --- [main] c.p.test.e2etests.pages.home.HomePage    : Go to the link [%s]...
2021-08-28 21:24:00.808  INFO 35506 --- [main] c.p.t.e.pages.home.HeaderComponent       : Verify if we is at the header component...
2021-08-28 21:24:01.140  INFO 35506 --- [main] c.p.t.e.authentication.TC000_LoginTest   : Login to the app...
2021-08-28 21:24:01.140  INFO 35506 --- [main] c.p.t.e.pages.home.HeaderComponent       : Click on Login link...
2021-08-28 21:28:56.683  INFO 35554 --- [main] c.p.t.e.authentication.TC000_LoginTest   : Starting TC000_LoginTest using Java 11.0.9 on Hiens-MacBook-Pro.local with PID 35554 (/Users/hienhoang/Desktop/e2e-tests/target/test-classes started by hienhoang in /Users/hienhoang/Desktop/e2e-tests)
2021-08-28 21:28:56.686  INFO 35554 --- [main] c.p.t.e.authentication.TC000_LoginTest   : No active profile set, falling back to default profiles: default
2021-08-28 21:28:58.267  INFO 35554 --- [main] c.p.t.e.authentication.TC000_LoginTest   : Started TC000_LoginTest in 2.124 seconds (JVM running for 6.14)
2021-08-28 21:28:58.708  INFO 35554 --- [main] i.g.bonigarcia.wdm.WebDriverManager      : Using chromedriver 92.0.4515.107 (resolved driver for Chrome 92)
2021-08-28 21:28:58.734  INFO 35554 --- [main] i.g.bonigarcia.wdm.WebDriverManager      : Exporting webdriver.chrome.driver as /Users/hienhoang/.cache/selenium/chromedriver/mac64/92.0.4515.107/chromedriver
2021-08-28 21:29:01.008  INFO 35554 --- [Forwarding newSession on session null to remote] o.o.selenium.remote.ProtocolHandshake    : Detected dialect: W3C
2021-08-28 21:29:01.208  INFO 35554 --- [main] c.p.t.e.authentication.TC000_LoginTest   : Setup the test...
2021-08-28 21:29:01.222  INFO 35554 --- [main] c.p.test.e2etests.pages.home.HomePage    : Go to the link [%s]...
2021-08-28 21:29:04.316  INFO 35554 --- [main] c.p.t.e.pages.home.HeaderComponent       : Verify if we is at the header component...
2021-08-28 21:29:04.681  INFO 35554 --- [main] c.p.t.e.authentication.TC000_LoginTest   : Login to the app...
2021-08-28 21:29:04.682  INFO 35554 --- [main] c.p.t.e.pages.home.HeaderComponent       : Click on Login link...
2021-08-28 21:38:54.867  INFO 35634 --- [main] c.p.t.e.authentication.TC000_LoginTest   : Starting TC000_LoginTest using Java 11.0.9 on Hiens-MacBook-Pro.local with PID 35634 (/Users/hienhoang/Desktop/e2e-tests/target/test-classes started by hienhoang in /Users/hienhoang/Desktop/e2e-tests)
2021-08-28 21:38:54.869  INFO 35634 --- [main] c.p.t.e.authentication.TC000_LoginTest   : No active profile set, falling back to default profiles: default
2021-08-28 21:38:56.356  INFO 35634 --- [main] c.p.t.e.authentication.TC000_LoginTest   : Started TC000_LoginTest in 1.95 seconds (JVM running for 4.974)
2021-08-28 21:38:56.767  INFO 35634 --- [main] i.g.bonigarcia.wdm.WebDriverManager      : Using chromedriver 92.0.4515.107 (resolved driver for Chrome 92)
2021-08-28 21:38:56.794  INFO 35634 --- [main] i.g.bonigarcia.wdm.WebDriverManager      : Exporting webdriver.chrome.driver as /Users/hienhoang/.cache/selenium/chromedriver/mac64/92.0.4515.107/chromedriver
2021-08-28 21:38:59.106  INFO 35634 --- [Forwarding newSession on session null to remote] o.o.selenium.remote.ProtocolHandshake    : Detected dialect: W3C
2021-08-28 21:38:59.328  INFO 35634 --- [main] c.p.t.e.authentication.TC000_LoginTest   : Setup the test...
2021-08-28 21:38:59.342  INFO 35634 --- [main] c.p.test.e2etests.pages.home.HomePage    : Go to the link [%s]...
2021-08-28 21:39:05.080  INFO 35634 --- [main] c.p.t.e.pages.home.HeaderComponent       : Verify if we is at the header component...
2021-08-28 21:39:05.435  INFO 35634 --- [main] c.p.t.e.authentication.TC000_LoginTest   : Login to the app...
2021-08-28 21:39:05.436  INFO 35634 --- [main] c.p.t.e.pages.home.HeaderComponent       : Click on Login link...
2021-08-28 21:42:51.060  INFO 35667 --- [main] c.p.t.e.authentication.TC000_LoginTest   : Starting TC000_LoginTest using Java 11.0.9 on Hiens-MacBook-Pro.local with PID 35667 (/Users/hienhoang/Desktop/e2e-tests/target/test-classes started by hienhoang in /Users/hienhoang/Desktop/e2e-tests)
2021-08-28 21:42:51.063  INFO 35667 --- [main] c.p.t.e.authentication.TC000_LoginTest   : No active profile set, falling back to default profiles: default
2021-08-28 21:42:52.781  INFO 35667 --- [main] c.p.t.e.authentication.TC000_LoginTest   : Started TC000_LoginTest in 2.389 seconds (JVM running for 6.764)
2021-08-28 21:42:52.803 ERROR 35667 --- [main] o.s.test.context.TestContextManager      : Caught exception while allowing TestExecutionListener [org.springframework.test.context.support.DependencyInjectionTestExecutionListener@52ea0269] to prepare test instance [com.peeba.test.e2etests.authentication.TC000_LoginTest@5b202ff]

org.springframework.beans.factory.UnsatisfiedDependencyException: Error creating bean with name 'com.peeba.test.e2etests.authentication.TC000_LoginTest': Unsatisfied dependency expressed through field 'testResult'; nested exception is org.springframework.beans.factory.NoSuchBeanDefinitionException: No qualifying bean of type 'org.testng.ITestResult' available: expected at least 1 bean which qualifies as autowire candidate. Dependency annotations: {@org.springframework.beans.factory.annotation.Autowired(required=true)}
	at org.springframework.beans.factory.annotation.AutowiredAnnotationBeanPostProcessor$AutowiredFieldElement.resolveFieldValue(AutowiredAnnotationBeanPostProcessor.java:660) ~[spring-beans-5.3.9.jar:5.3.9]
	at org.springframework.beans.factory.annotation.AutowiredAnnotationBeanPostProcessor$AutowiredFieldElement.inject(AutowiredAnnotationBeanPostProcessor.java:640) ~[spring-beans-5.3.9.jar:5.3.9]
	at org.springframework.beans.factory.annotation.InjectionMetadata.inject(InjectionMetadata.java:119) ~[spring-beans-5.3.9.jar:5.3.9]
	at org.springframework.beans.factory.annotation.AutowiredAnnotationBeanPostProcessor.postProcessProperties(AutowiredAnnotationBeanPostProcessor.java:399) ~[spring-beans-5.3.9.jar:5.3.9]
	at org.springframework.beans.factory.support.AbstractAutowireCapableBeanFactory.populateBean(AbstractAutowireCapableBeanFactory.java:1413) ~[spring-beans-5.3.9.jar:5.3.9]
	at org.springframework.beans.factory.support.AbstractAutowireCapableBeanFactory.autowireBeanProperties(AbstractAutowireCapableBeanFactory.java:399) ~[spring-beans-5.3.9.jar:5.3.9]
	at org.springframework.test.context.support.DependencyInjectionTestExecutionListener.injectDependencies(DependencyInjectionTestExecutionListener.java:119) ~[spring-test-5.3.9.jar:5.3.9]
	at org.springframework.test.context.support.DependencyInjectionTestExecutionListener.prepareTestInstance(DependencyInjectionTestExecutionListener.java:83) ~[spring-test-5.3.9.jar:5.3.9]
	at org.springframework.test.context.TestContextManager.prepareTestInstance(TestContextManager.java:244) ~[spring-test-5.3.9.jar:5.3.9]
	at org.springframework.test.context.testng.AbstractTestNGSpringContextTests.springTestContextPrepareTestInstance(AbstractTestNGSpringContextTests.java:149) ~[spring-test-5.3.9.jar:5.3.9]
	at java.base/jdk.internal.reflect.NativeMethodAccessorImpl.invoke0(Native Method) ~[na:na]
	at java.base/jdk.internal.reflect.NativeMethodAccessorImpl.invoke(NativeMethodAccessorImpl.java:62) ~[na:na]
	at java.base/jdk.internal.reflect.DelegatingMethodAccessorImpl.invoke(DelegatingMethodAccessorImpl.java:43) ~[na:na]
	at java.base/java.lang.reflect.Method.invoke(Method.java:566) ~[na:na]
	at org.testng.internal.MethodInvocationHelper.invokeMethod(MethodInvocationHelper.java:132) ~[testng-7.3.0.jar:na]
	at org.testng.internal.MethodInvocationHelper.invokeMethodConsideringTimeout(MethodInvocationHelper.java:61) ~[testng-7.3.0.jar:na]
	at org.testng.internal.ConfigInvoker.invokeConfigurationMethod(ConfigInvoker.java:366) ~[testng-7.3.0.jar:na]
	at org.testng.internal.ConfigInvoker.invokeConfigurations(ConfigInvoker.java:320) ~[testng-7.3.0.jar:na]
	at org.testng.internal.TestMethodWorker.invokeBeforeClassMethods(TestMethodWorker.java:176) ~[testng-7.3.0.jar:na]
	at org.testng.internal.TestMethodWorker.run(TestMethodWorker.java:122) ~[testng-7.3.0.jar:na]
	at java.base/java.util.ArrayList.forEach(ArrayList.java:1541) ~[na:na]
	at org.testng.TestRunner.privateRun(TestRunner.java:764) ~[testng-7.3.0.jar:na]
	at org.testng.TestRunner.run(TestRunner.java:585) ~[testng-7.3.0.jar:na]
	at org.testng.SuiteRunner.runTest(SuiteRunner.java:384) ~[testng-7.3.0.jar:na]
	at org.testng.SuiteRunner.runSequentially(SuiteRunner.java:378) ~[testng-7.3.0.jar:na]
	at org.testng.SuiteRunner.privateRun(SuiteRunner.java:337) ~[testng-7.3.0.jar:na]
	at org.testng.SuiteRunner.run(SuiteRunner.java:286) ~[testng-7.3.0.jar:na]
	at org.testng.SuiteRunnerWorker.runSuite(SuiteRunnerWorker.java:53) ~[testng-7.3.0.jar:na]
	at org.testng.SuiteRunnerWorker.run(SuiteRunnerWorker.java:96) ~[testng-7.3.0.jar:na]
	at org.testng.TestNG.runSuitesSequentially(TestNG.java:1218) ~[testng-7.3.0.jar:na]
	at org.testng.TestNG.runSuitesLocally(TestNG.java:1140) ~[testng-7.3.0.jar:na]
	at org.testng.TestNG.runSuites(TestNG.java:1069) ~[testng-7.3.0.jar:na]
	at org.testng.TestNG.run(TestNG.java:1037) ~[testng-7.3.0.jar:na]
	at org.testng.IDEARemoteTestNG.run(IDEARemoteTestNG.java:72) ~[testng-plugin.jar:na]
	at org.testng.RemoteTestNGStarter.main(RemoteTestNGStarter.java:123) ~[testng-plugin.jar:na]
Caused by: org.springframework.beans.factory.NoSuchBeanDefinitionException: No qualifying bean of type 'org.testng.ITestResult' available: expected at least 1 bean which qualifies as autowire candidate. Dependency annotations: {@org.springframework.beans.factory.annotation.Autowired(required=true)}
	at org.springframework.beans.factory.support.DefaultListableBeanFactory.raiseNoMatchingBeanFound(DefaultListableBeanFactory.java:1790) ~[spring-beans-5.3.9.jar:5.3.9]
	at org.springframework.beans.factory.support.DefaultListableBeanFactory.doResolveDependency(DefaultListableBeanFactory.java:1346) ~[spring-beans-5.3.9.jar:5.3.9]
	at org.springframework.beans.factory.support.DefaultListableBeanFactory.resolveDependency(DefaultListableBeanFactory.java:1300) ~[spring-beans-5.3.9.jar:5.3.9]
	at org.springframework.beans.factory.annotation.AutowiredAnnotationBeanPostProcessor$AutowiredFieldElement.resolveFieldValue(AutowiredAnnotationBeanPostProcessor.java:657) ~[spring-beans-5.3.9.jar:5.3.9]
	... 34 common frames omitted

2021-08-28 21:56:53.886  INFO 35742 --- [main] c.p.t.e.authentication.TC000_LoginTest   : Starting TC000_LoginTest using Java 11.0.9 on Hiens-MacBook-Pro.local with PID 35742 (/Users/hienhoang/Desktop/e2e-tests/target/test-classes started by hienhoang in /Users/hienhoang/Desktop/e2e-tests)
2021-08-28 21:56:53.889  INFO 35742 --- [main] c.p.t.e.authentication.TC000_LoginTest   : No active profile set, falling back to default profiles: default
2021-08-28 21:56:55.397  INFO 35742 --- [main] c.p.t.e.authentication.TC000_LoginTest   : Started TC000_LoginTest in 2.023 seconds (JVM running for 5.612)
2021-08-28 21:56:55.912  INFO 35742 --- [main] i.g.bonigarcia.wdm.WebDriverManager      : Using chromedriver 92.0.4515.107 (resolved driver for Chrome 92)
2021-08-28 21:56:55.950  INFO 35742 --- [main] i.g.bonigarcia.wdm.WebDriverManager      : Exporting webdriver.chrome.driver as /Users/hienhoang/.cache/selenium/chromedriver/mac64/92.0.4515.107/chromedriver
2021-08-28 21:56:58.470  INFO 35742 --- [Forwarding newSession on session null to remote] o.o.selenium.remote.ProtocolHandshake    : Detected dialect: W3C
2021-08-28 21:56:58.677  INFO 35742 --- [main] c.p.t.e.authentication.TC000_LoginTest   : Setup the test...
2021-08-28 21:56:58.692  INFO 35742 --- [main] c.p.test.e2etests.pages.home.HomePage    : Go to the link [%s]...
2021-08-28 21:57:04.041  INFO 35742 --- [main] c.p.t.e.pages.home.HeaderComponent       : Verify if we is at the header component...
2021-08-28 21:57:04.413  INFO 35742 --- [main] c.p.t.e.authentication.TC000_LoginTest   : Login to the app...
2021-08-28 21:57:04.414  INFO 35742 --- [main] c.p.t.e.pages.home.HeaderComponent       : Click on Login link...
2021-08-28 22:14:01.792  INFO 36045 --- [main] c.p.t.e.authentication.TC000_LoginTest   : Starting TC000_LoginTest using Java 11.0.9 on Hiens-MacBook-Pro.local with PID 36045 (/Users/hienhoang/Desktop/e2e-tests/target/test-classes started by hienhoang in /Users/hienhoang/Desktop/e2e-tests)
2021-08-28 22:14:01.794  INFO 36045 --- [main] c.p.t.e.authentication.TC000_LoginTest   : No active profile set, falling back to default profiles: default
2021-08-28 22:14:02.923  INFO 36045 --- [main] c.p.t.e.authentication.TC000_LoginTest   : Started TC000_LoginTest in 1.562 seconds (JVM running for 4.411)
2021-08-28 22:14:03.897  INFO 36045 --- [main] i.g.bonigarcia.wdm.WebDriverManager      : Using chromedriver 92.0.4515.107 (resolved driver for Chrome 92)
2021-08-28 22:14:03.924  INFO 36045 --- [main] i.g.bonigarcia.wdm.WebDriverManager      : Exporting webdriver.chrome.driver as /Users/hienhoang/.cache/selenium/chromedriver/mac64/92.0.4515.107/chromedriver
2021-08-28 22:14:06.210  INFO 36045 --- [Forwarding newSession on session null to remote] o.o.selenium.remote.ProtocolHandshake    : Detected dialect: W3C
2021-08-28 22:14:06.406  INFO 36045 --- [main] c.p.t.e.authentication.TC000_LoginTest   : Setup the test...
2021-08-28 22:14:06.414  INFO 36045 --- [main] c.p.test.e2etests.pages.home.HomePage    : Go to the link [%s]...
2021-08-28 22:14:13.644  INFO 36045 --- [main] c.p.t.e.pages.home.HeaderComponent       : Verify if we is at the header component...
2021-08-28 22:14:13.977  INFO 36045 --- [main] c.p.t.e.authentication.TC000_LoginTest   : Login to the app...
2021-08-28 22:14:13.977  INFO 36045 --- [main] c.p.t.e.pages.home.HeaderComponent       : Click on Login link...
2021-08-28 22:26:24.346  INFO 36454 --- [main] c.p.t.e.authentication.TC000_LoginTest   : Starting TC000_LoginTest using Java 11.0.9 on Hiens-MacBook-Pro.local with PID 36454 (/Users/hienhoang/Desktop/e2e-tests/target/test-classes started by hienhoang in /Users/hienhoang/Desktop/e2e-tests)
2021-08-28 22:26:24.348  INFO 36454 --- [main] c.p.t.e.authentication.TC000_LoginTest   : No active profile set, falling back to default profiles: default
2021-08-28 22:26:25.499  INFO 36454 --- [main] c.p.t.e.authentication.TC000_LoginTest   : Started TC000_LoginTest in 1.607 seconds (JVM running for 4.658)
2021-08-28 22:26:25.877  INFO 36454 --- [main] i.g.bonigarcia.wdm.WebDriverManager      : Using chromedriver 92.0.4515.107 (resolved driver for Chrome 92)
2021-08-28 22:26:25.904  INFO 36454 --- [main] i.g.bonigarcia.wdm.WebDriverManager      : Exporting webdriver.chrome.driver as /Users/hienhoang/.cache/selenium/chromedriver/mac64/92.0.4515.107/chromedriver
2021-08-28 22:26:28.086  INFO 36454 --- [Forwarding newSession on session null to remote] o.o.selenium.remote.ProtocolHandshake    : Detected dialect: W3C
2021-08-28 22:26:28.313  INFO 36454 --- [main] c.p.t.e.authentication.TC000_LoginTest   : Setup the test...
2021-08-28 22:26:28.323  INFO 36454 --- [main] c.p.test.e2etests.pages.home.HomePage    : Go to the link [%s]...
2021-08-28 22:26:38.633  INFO 36454 --- [main] c.p.t.e.pages.home.HeaderComponent       : Verify if we is at the header component...
2021-08-28 22:26:38.965  INFO 36454 --- [main] c.p.t.e.authentication.TC000_LoginTest   : Login to the app...
2021-08-28 22:26:38.965  INFO 36454 --- [main] c.p.t.e.pages.home.HeaderComponent       : Click on Login link...
2021-08-28 22:30:34.269  INFO 36596 --- [main] c.p.t.e.authentication.TC000_LoginTest   : Starting TC000_LoginTest using Java 11.0.9 on Hiens-MacBook-Pro.local with PID 36596 (/Users/hienhoang/Desktop/e2e-tests/target/test-classes started by hienhoang in /Users/hienhoang/Desktop/e2e-tests)
2021-08-28 22:30:34.272  INFO 36596 --- [main] c.p.t.e.authentication.TC000_LoginTest   : No active profile set, falling back to default profiles: default
2021-08-28 22:30:35.662  INFO 36596 --- [main] c.p.t.e.authentication.TC000_LoginTest   : Started TC000_LoginTest in 1.904 seconds (JVM running for 5.609)
2021-08-28 22:30:36.087  INFO 36596 --- [main] i.g.bonigarcia.wdm.WebDriverManager      : Using chromedriver 92.0.4515.107 (resolved driver for Chrome 92)
2021-08-28 22:30:36.109  INFO 36596 --- [main] i.g.bonigarcia.wdm.WebDriverManager      : Exporting webdriver.chrome.driver as /Users/hienhoang/.cache/selenium/chromedriver/mac64/92.0.4515.107/chromedriver
2021-08-28 22:30:38.250  INFO 36596 --- [Forwarding newSession on session null to remote] o.o.selenium.remote.ProtocolHandshake    : Detected dialect: W3C
2021-08-28 22:30:38.500  INFO 36596 --- [main] c.p.t.e.authentication.TC000_LoginTest   : Setup the test...
2021-08-28 22:30:38.511  INFO 36596 --- [main] c.p.test.e2etests.pages.home.HomePage    : Go to the link [%s]...
2021-08-28 22:30:43.407  INFO 36596 --- [main] c.p.t.e.pages.home.HeaderComponent       : Verify if we is at the header component...
2021-08-28 22:30:43.777  INFO 36596 --- [main] c.p.t.e.authentication.TC000_LoginTest   : Login to the app...
2021-08-28 22:30:43.778  INFO 36596 --- [main] c.p.t.e.pages.home.HeaderComponent       : Click on Login link...
2021-08-28 22:40:25.000  INFO 36835 --- [main] c.p.t.e.authentication.TC000_LoginTest   : Starting TC000_LoginTest using Java 11.0.9 on Hiens-MacBook-Pro.local with PID 36835 (/Users/hienhoang/Desktop/e2e-tests/target/test-classes started by hienhoang in /Users/hienhoang/Desktop/e2e-tests)
2021-08-28 22:40:25.007  INFO 36835 --- [main] c.p.t.e.authentication.TC000_LoginTest   : No active profile set, falling back to default profiles: default
2021-08-28 22:40:27.432  INFO 36835 --- [main] c.p.t.e.authentication.TC000_LoginTest   : Started TC000_LoginTest in 3.032 seconds (JVM running for 6.686)
2021-08-28 22:40:27.936  INFO 36835 --- [main] i.g.bonigarcia.wdm.WebDriverManager      : Using chromedriver 92.0.4515.107 (resolved driver for Chrome 92)
2021-08-28 22:40:27.970  INFO 36835 --- [main] i.g.bonigarcia.wdm.WebDriverManager      : Exporting webdriver.chrome.driver as /Users/hienhoang/.cache/selenium/chromedriver/mac64/92.0.4515.107/chromedriver
2021-08-28 22:40:30.208  INFO 36835 --- [Forwarding newSession on session null to remote] o.o.selenium.remote.ProtocolHandshake    : Detected dialect: W3C
2021-08-28 22:40:30.417  INFO 36835 --- [main] c.p.t.e.authentication.TC000_LoginTest   : Setup the test...
2021-08-28 22:40:30.427  INFO 36835 --- [main] c.p.test.e2etests.pages.home.HomePage    : Go to the link [%s]...
2021-08-28 22:40:42.388  INFO 36835 --- [main] c.p.t.e.pages.home.HeaderComponent       : Verify if we is at the header component...
2021-08-28 22:40:42.813  INFO 36835 --- [main] c.p.t.e.authentication.TC000_LoginTest   : Login to the app...
2021-08-28 22:40:42.814  INFO 36835 --- [main] c.p.t.e.pages.home.HeaderComponent       : Click on Login link...
